<?xml version="1.0" encoding="UTF-8"?>
<!-- Generated by org.testng.reporters.JUnitReportReporter -->
<testsuite hostname="Cheson-PC" failures="0" tests="1" name="com.incubyte.runner.TestRunner" time="41.850" errors="0" timestamp="2021-03-01T20:07:04 IST" skipped="0">
  <testcase classname="com.incubyte.runner.TestRunner" name="feature" time="41.850"/>
  <system-out/>
</testsuite> <!-- com.incubyte.runner.TestRunner -->
